
> sof-event-extractor-frontend@1.0.0 dev
> vite


✘ vite v7.1.3 is not yet supported in the Community edition of Console Ninja.
We are working hard on it for you https://tinyurl.com/3h9mtwra.

Estimated release dates:
  - Community users: around 19th October, 2025 (subject to team availability)
  - PRO users:       priority access is available now


  VITE v7.1.3  ready in 244 ms

  ➜  Local:   http://localhost:5173/
  ➜  Network: use --host to expose
2:40:13 PM [vite] (client) hmr update /src/context/AuthContext.jsx, /src/index.css
2:40:13 PM [vite] (client) hmr invalidate /src/context/AuthContext.jsx Could not Fast Refresh ("useAuth" export is incompatible). Learn more at https://github.com/vitejs/vite-plugin-react/tree/main/packages/plugin-react#consistent-components-exports
2:40:13 PM [vite] (client) page reload src/context/AuthContext.jsx
2:40:21 PM [vite] (client) hmr update /src/App.jsx, /src/index.css
2:40:43 PM [vite] (client) hmr update /src/pages/Profile.jsx, /src/index.css
2:43:58 PM [vite] (client) hmr update /src/context/AuthContext.jsx, /src/index.css
2:43:59 PM [vite] (client) hmr invalidate /src/context/AuthContext.jsx Could not Fast Refresh ("useAuth" export is incompatible). Learn more at https://github.com/vitejs/vite-plugin-react/tree/main/packages/plugin-react#consistent-components-exports
2:43:59 PM [vite] (client) page reload src/context/AuthContext.jsx
2:44:09 PM [vite] (client) hmr update /src/pages/Profile.jsx, /src/index.css
2:46:12 PM [vite] (client) hmr update /src/pages/Profile.jsx, /src/index.css
2:49:33 PM [vite] (client) hmr update /src/pages/Profile.jsx, /src/index.css
2:50:41 PM [vite] (client) hmr update /src/pages/Profile.jsx, /src/index.css
2:52:16 PM [vite] (client) hmr update /src/pages/Profile.jsx, /src/index.css
2:52:16 PM [vite] (client) hmr update /src/App.jsx, /src/index.css
2:52:16 PM [vite] (client) hmr update /src/context/AuthContext.jsx, /src/index.css
2:56:23 PM [vite] (client) hmr update /src/pages/LayspanDashboard.jsx, /src/index.css
2:56:27 PM [vite] (client) hmr update /src/index.css, /src/components/EventTable.jsx
2:56:49 PM [vite] (client) hmr update /src/pages/Profile.jsx, /src/index.css
2:57:04 PM [vite] (client) hmr update /src/components/TopNav.jsx, /src/index.css
2:59:16 PM [vite] (client) hmr update /src/components/TopNav.jsx, /src/index.css
3:00:42 PM [vite] (client) hmr update /src/App.jsx, /src/index.css
3:00:49 PM [vite] (client) hmr update /src/index.css, /src/components/AIAgent.jsx
3:00:49 PM [vite] (client) hmr update /src/index.css
3:00:49 PM [vite] (client) hmr update /src/index.css
3:00:55 PM [vite] (client) hmr update /src/pages/Upload.jsx, /src/index.css
3:00:55 PM [vite] (client) hmr update /src/pages/SavedLaytime.jsx, /src/index.css
3:00:55 PM [vite] (client) hmr update /src/pages/Calculator.jsx, /src/index.css
3:01:02 PM [vite] (client) hmr update /src/index.css
3:01:02 PM [vite] (client) hmr update /src/index.css
3:01:12 PM [vite] (client) hmr update /src/context/AuthContext.jsx, /src/index.css
3:01:12 PM [vite] (client) hmr invalidate /src/context/AuthContext.jsx Could not Fast Refresh ("useAuth" export is incompatible). Learn more at https://github.com/vitejs/vite-plugin-react/tree/main/packages/plugin-react#consistent-components-exports
3:01:12 PM [vite] (client) page reload src/context/AuthContext.jsx
3:02:32 PM [vite] (client) hmr update /src/index.css, /src/components/EventTable.jsx
3:05:51 PM [vite] (client) hmr update /src/pages/LayspanDashboard.jsx, /src/index.css
3:06:44 PM [vite] (client) hmr update /src/components/AIChatbot.jsx, /src/index.css
3:11:11 PM [vite] (client) hmr update /src/components/AIChatbot.jsx, /src/index.css
3:12:24 PM [vite] (client) hmr update /src/pages/LayspanDashboard.jsx, /src/index.css
3:13:12 PM [vite] (client) hmr update /src/pages/LayspanDashboard.jsx, /src/index.css
3:13:12 PM [vite] Internal server error: /Users/abhishekgiri/Desktop/laytime-intelligence1/frontend/src/pages/LayspanDashboard.jsx: Adjacent JSX elements must be wrapped in an enclosing tag. Did you want a JSX fragment <>...</>? (921:6)

  919 |           )}
  920 |         </div>
> 921 |       </div>
      |       ^
  922 |     </div>
  923 |   );
  924 | };
  Plugin: vite:react-babel
  File: /Users/abhishekgiri/Desktop/laytime-intelligence1/frontend/src/pages/LayspanDashboard.jsx:921:6
  919 |            )}
  920 |          </div>
  921 |        </div>
      |        ^
  922 |      </div>
  923 |    );
      at constructor (/Users/abhishekgiri/Desktop/laytime-intelligence1/frontend/node_modules/@babel/parser/lib/index.js:367:19)
      at JSXParserMixin.raise (/Users/abhishekgiri/Desktop/laytime-intelligence1/frontend/node_modules/@babel/parser/lib/index.js:6630:19)
      at JSXParserMixin.jsxParseElementAt (/Users/abhishekgiri/Desktop/laytime-intelligence1/frontend/node_modules/@babel/parser/lib/index.js:4775:18)
      at JSXParserMixin.jsxParseElement (/Users/abhishekgiri/Desktop/laytime-intelligence1/frontend/node_modules/@babel/parser/lib/index.js:4782:17)
      at JSXParserMixin.parseExprAtom (/Users/abhishekgiri/Desktop/laytime-intelligence1/frontend/node_modules/@babel/parser/lib/index.js:4792:19)
      at JSXParserMixin.parseExprSubscripts (/Users/abhishekgiri/Desktop/laytime-intelligence1/frontend/node_modules/@babel/parser/lib/index.js:11081:23)
      at JSXParserMixin.parseUpdate (/Users/abhishekgiri/Desktop/laytime-intelligence1/frontend/node_modules/@babel/parser/lib/index.js:11066:21)
      at JSXParserMixin.parseMaybeUnary (/Users/abhishekgiri/Desktop/laytime-intelligence1/frontend/node_modules/@babel/parser/lib/index.js:11046:23)
      at JSXParserMixin.parseMaybeUnaryOrPrivate (/Users/abhishekgiri/Desktop/laytime-intelligence1/frontend/node_modules/@babel/parser/lib/index.js:10899:61)
      at JSXParserMixin.parseExprOps (/Users/abhishekgiri/Desktop/laytime-intelligence1/frontend/node_modules/@babel/parser/lib/index.js:10904:23)
      at JSXParserMixin.parseMaybeConditional (/Users/abhishekgiri/Desktop/laytime-intelligence1/frontend/node_modules/@babel/parser/lib/index.js:10881:23)
      at JSXParserMixin.parseMaybeAssign (/Users/abhishekgiri/Desktop/laytime-intelligence1/frontend/node_modules/@babel/parser/lib/index.js:10831:21)
      at /Users/abhishekgiri/Desktop/laytime-intelligence1/frontend/node_modules/@babel/parser/lib/index.js:10800:39
      at JSXParserMixin.allowInAnd (/Users/abhishekgiri/Desktop/laytime-intelligence1/frontend/node_modules/@babel/parser/lib/index.js:12432:12)
      at JSXParserMixin.parseMaybeAssignAllowIn (/Users/abhishekgiri/Desktop/laytime-intelligence1/frontend/node_modules/@babel/parser/lib/index.js:10800:17)
      at JSXParserMixin.parseMaybeAssignAllowInOrVoidPattern (/Users/abhishekgiri/Desktop/laytime-intelligence1/frontend/node_modules/@babel/parser/lib/index.js:12499:17)
      at JSXParserMixin.parseParenAndDistinguishExpression (/Users/abhishekgiri/Desktop/laytime-intelligence1/frontend/node_modules/@babel/parser/lib/index.js:11679:28)
      at JSXParserMixin.parseExprAtom (/Users/abhishekgiri/Desktop/laytime-intelligence1/frontend/node_modules/@babel/parser/lib/index.js:11331:23)
      at JSXParserMixin.parseExprAtom (/Users/abhishekgiri/Desktop/laytime-intelligence1/frontend/node_modules/@babel/parser/lib/index.js:4797:20)
      at JSXParserMixin.parseExprSubscripts (/Users/abhishekgiri/Desktop/laytime-intelligence1/frontend/node_modules/@babel/parser/lib/index.js:11081:23)
      at JSXParserMixin.parseUpdate (/Users/abhishekgiri/Desktop/laytime-intelligence1/frontend/node_modules/@babel/parser/lib/index.js:11066:21)
      at JSXParserMixin.parseMaybeUnary (/Users/abhishekgiri/Desktop/laytime-intelligence1/frontend/node_modules/@babel/parser/lib/index.js:11046:23)
      at JSXParserMixin.parseMaybeUnaryOrPrivate (/Users/abhishekgiri/Desktop/laytime-intelligence1/frontend/node_modules/@babel/parser/lib/index.js:10899:61)
      at JSXParserMixin.parseExprOpBaseRightExpr (/Users/abhishekgiri/Desktop/laytime-intelligence1/frontend/node_modules/@babel/parser/lib/index.js:10986:34)
      at JSXParserMixin.parseExprOpRightExpr (/Users/abhishekgiri/Desktop/laytime-intelligence1/frontend/node_modules/@babel/parser/lib/index.js:10981:21)
      at JSXParserMixin.parseExprOp (/Users/abhishekgiri/Desktop/laytime-intelligence1/frontend/node_modules/@babel/parser/lib/index.js:10947:27)
      at JSXParserMixin.parseExprOp (/Users/abhishekgiri/Desktop/laytime-intelligence1/frontend/node_modules/@babel/parser/lib/index.js:10953:21)
      at JSXParserMixin.parseExprOp (/Users/abhishekgiri/Desktop/laytime-intelligence1/frontend/node_modules/@babel/parser/lib/index.js:10953:21)
      at JSXParserMixin.parseExprOps (/Users/abhishekgiri/Desktop/laytime-intelligence1/frontend/node_modules/@babel/parser/lib/index.js:10908:17)
      at JSXParserMixin.parseMaybeConditional (/Users/abhishekgiri/Desktop/laytime-intelligence1/frontend/node_modules/@babel/parser/lib/index.js:10881:23)
      at JSXParserMixin.parseMaybeAssign (/Users/abhishekgiri/Desktop/laytime-intelligence1/frontend/node_modules/@babel/parser/lib/index.js:10831:21)
      at JSXParserMixin.parseExpressionBase (/Users/abhishekgiri/Desktop/laytime-intelligence1/frontend/node_modules/@babel/parser/lib/index.js:10784:23)
      at /Users/abhishekgiri/Desktop/laytime-intelligence1/frontend/node_modules/@babel/parser/lib/index.js:10780:39
      at JSXParserMixin.allowInAnd (/Users/abhishekgiri/Desktop/laytime-intelligence1/frontend/node_modules/@babel/parser/lib/index.js:12432:12)
      at JSXParserMixin.parseExpression (/Users/abhishekgiri/Desktop/laytime-intelligence1/frontend/node_modules/@babel/parser/lib/index.js:10780:17)
      at JSXParserMixin.jsxParseExpressionContainer (/Users/abhishekgiri/Desktop/laytime-intelligence1/frontend/node_modules/@babel/parser/lib/index.js:4665:31)
      at JSXParserMixin.jsxParseElementAt (/Users/abhishekgiri/Desktop/laytime-intelligence1/frontend/node_modules/@babel/parser/lib/index.js:4744:36)
      at JSXParserMixin.jsxParseElementAt (/Users/abhishekgiri/Desktop/laytime-intelligence1/frontend/node_modules/@babel/parser/lib/index.js:4731:32)
      at JSXParserMixin.jsxParseElementAt (/Users/abhishekgiri/Desktop/laytime-intelligence1/frontend/node_modules/@babel/parser/lib/index.js:4731:32)
      at JSXParserMixin.jsxParseElement (/Users/abhishekgiri/Desktop/laytime-intelligence1/frontend/node_modules/@babel/parser/lib/index.js:4782:17)
      at JSXParserMixin.parseExprAtom (/Users/abhishekgiri/Desktop/laytime-intelligence1/frontend/node_modules/@babel/parser/lib/index.js:4792:19)
      at JSXParserMixin.parseExprSubscripts (/Users/abhishekgiri/Desktop/laytime-intelligence1/frontend/node_modules/@babel/parser/lib/index.js:11081:23)
      at JSXParserMixin.parseUpdate (/Users/abhishekgiri/Desktop/laytime-intelligence1/frontend/node_modules/@babel/parser/lib/index.js:11066:21)
      at JSXParserMixin.parseMaybeUnary (/Users/abhishekgiri/Desktop/laytime-intelligence1/frontend/node_modules/@babel/parser/lib/index.js:11046:23)
      at JSXParserMixin.parseMaybeUnaryOrPrivate (/Users/abhishekgiri/Desktop/laytime-intelligence1/frontend/node_modules/@babel/parser/lib/index.js:10899:61)
      at JSXParserMixin.parseExprOps (/Users/abhishekgiri/Desktop/laytime-intelligence1/frontend/node_modules/@babel/parser/lib/index.js:10904:23)
      at JSXParserMixin.parseMaybeConditional (/Users/abhishekgiri/Desktop/laytime-intelligence1/frontend/node_modules/@babel/parser/lib/index.js:10881:23)
      at JSXParserMixin.parseMaybeAssign (/Users/abhishekgiri/Desktop/laytime-intelligence1/frontend/node_modules/@babel/parser/lib/index.js:10831:21)
      at /Users/abhishekgiri/Desktop/laytime-intelligence1/frontend/node_modules/@babel/parser/lib/index.js:10800:39
      at JSXParserMixin.allowInAnd (/Users/abhishekgiri/Desktop/laytime-intelligence1/frontend/node_modules/@babel/parser/lib/index.js:12432:12)
3:13:33 PM [vite] (client) Pre-transform error: /Users/abhishekgiri/Desktop/laytime-intelligence1/frontend/src/pages/LayspanDashboard.jsx: Adjacent JSX elements must be wrapped in an enclosing tag. Did you want a JSX fragment <>...</>? (921:6)

  919 |           )}
  920 |         </div>
> 921 |       </div>
      |       ^
  922 |     </div>
  923 |   );
  924 | };
  Plugin: vite:react-babel
  File: /Users/abhishekgiri/Desktop/laytime-intelligence1/frontend/src/pages/LayspanDashboard.jsx:921:6
  919 |            )}
  920 |          </div>
  921 |        </div>
      |        ^
  922 |      </div>
  923 |    );
3:13:33 PM [vite] Internal server error: /Users/abhishekgiri/Desktop/laytime-intelligence1/frontend/src/pages/LayspanDashboard.jsx: Adjacent JSX elements must be wrapped in an enclosing tag. Did you want a JSX fragment <>...</>? (921:6)

  919 |           )}
  920 |         </div>
> 921 |       </div>
      |       ^
  922 |     </div>
  923 |   );
  924 | };
  Plugin: vite:react-babel
  File: /Users/abhishekgiri/Desktop/laytime-intelligence1/frontend/src/pages/LayspanDashboard.jsx:921:6
  919 |            )}
  920 |          </div>
  921 |        </div>
      |        ^
  922 |      </div>
  923 |    );
      at constructor (/Users/abhishekgiri/Desktop/laytime-intelligence1/frontend/node_modules/@babel/parser/lib/index.js:367:19)
      at JSXParserMixin.raise (/Users/abhishekgiri/Desktop/laytime-intelligence1/frontend/node_modules/@babel/parser/lib/index.js:6630:19)
      at JSXParserMixin.jsxParseElementAt (/Users/abhishekgiri/Desktop/laytime-intelligence1/frontend/node_modules/@babel/parser/lib/index.js:4775:18)
      at JSXParserMixin.jsxParseElement (/Users/abhishekgiri/Desktop/laytime-intelligence1/frontend/node_modules/@babel/parser/lib/index.js:4782:17)
      at JSXParserMixin.parseExprAtom (/Users/abhishekgiri/Desktop/laytime-intelligence1/frontend/node_modules/@babel/parser/lib/index.js:4792:19)
      at JSXParserMixin.parseExprSubscripts (/Users/abhishekgiri/Desktop/laytime-intelligence1/frontend/node_modules/@babel/parser/lib/index.js:11081:23)
      at JSXParserMixin.parseUpdate (/Users/abhishekgiri/Desktop/laytime-intelligence1/frontend/node_modules/@babel/parser/lib/index.js:11066:21)
      at JSXParserMixin.parseMaybeUnary (/Users/abhishekgiri/Desktop/laytime-intelligence1/frontend/node_modules/@babel/parser/lib/index.js:11046:23)
      at JSXParserMixin.parseMaybeUnaryOrPrivate (/Users/abhishekgiri/Desktop/laytime-intelligence1/frontend/node_modules/@babel/parser/lib/index.js:10899:61)
      at JSXParserMixin.parseExprOps (/Users/abhishekgiri/Desktop/laytime-intelligence1/frontend/node_modules/@babel/parser/lib/index.js:10904:23)
      at JSXParserMixin.parseMaybeConditional (/Users/abhishekgiri/Desktop/laytime-intelligence1/frontend/node_modules/@babel/parser/lib/index.js:10881:23)
      at JSXParserMixin.parseMaybeAssign (/Users/abhishekgiri/Desktop/laytime-intelligence1/frontend/node_modules/@babel/parser/lib/index.js:10831:21)
      at /Users/abhishekgiri/Desktop/laytime-intelligence1/frontend/node_modules/@babel/parser/lib/index.js:10800:39
      at JSXParserMixin.allowInAnd (/Users/abhishekgiri/Desktop/laytime-intelligence1/frontend/node_modules/@babel/parser/lib/index.js:12432:12)
      at JSXParserMixin.parseMaybeAssignAllowIn (/Users/abhishekgiri/Desktop/laytime-intelligence1/frontend/node_modules/@babel/parser/lib/index.js:10800:17)
      at JSXParserMixin.parseMaybeAssignAllowInOrVoidPattern (/Users/abhishekgiri/Desktop/laytime-intelligence1/frontend/node_modules/@babel/parser/lib/index.js:12499:17)
      at JSXParserMixin.parseParenAndDistinguishExpression (/Users/abhishekgiri/Desktop/laytime-intelligence1/frontend/node_modules/@babel/parser/lib/index.js:11679:28)
      at JSXParserMixin.parseExprAtom (/Users/abhishekgiri/Desktop/laytime-intelligence1/frontend/node_modules/@babel/parser/lib/index.js:11331:23)
      at JSXParserMixin.parseExprAtom (/Users/abhishekgiri/Desktop/laytime-intelligence1/frontend/node_modules/@babel/parser/lib/index.js:4797:20)
      at JSXParserMixin.parseExprSubscripts (/Users/abhishekgiri/Desktop/laytime-intelligence1/frontend/node_modules/@babel/parser/lib/index.js:11081:23)
      at JSXParserMixin.parseUpdate (/Users/abhishekgiri/Desktop/laytime-intelligence1/frontend/node_modules/@babel/parser/lib/index.js:11066:21)
      at JSXParserMixin.parseMaybeUnary (/Users/abhishekgiri/Desktop/laytime-intelligence1/frontend/node_modules/@babel/parser/lib/index.js:11046:23)
      at JSXParserMixin.parseMaybeUnaryOrPrivate (/Users/abhishekgiri/Desktop/laytime-intelligence1/frontend/node_modules/@babel/parser/lib/index.js:10899:61)
      at JSXParserMixin.parseExprOpBaseRightExpr (/Users/abhishekgiri/Desktop/laytime-intelligence1/frontend/node_modules/@babel/parser/lib/index.js:10986:34)
      at JSXParserMixin.parseExprOpRightExpr (/Users/abhishekgiri/Desktop/laytime-intelligence1/frontend/node_modules/@babel/parser/lib/index.js:10981:21)
      at JSXParserMixin.parseExprOp (/Users/abhishekgiri/Desktop/laytime-intelligence1/frontend/node_modules/@babel/parser/lib/index.js:10947:27)
      at JSXParserMixin.parseExprOp (/Users/abhishekgiri/Desktop/laytime-intelligence1/frontend/node_modules/@babel/parser/lib/index.js:10953:21)
      at JSXParserMixin.parseExprOp (/Users/abhishekgiri/Desktop/laytime-intelligence1/frontend/node_modules/@babel/parser/lib/index.js:10953:21)
      at JSXParserMixin.parseExprOps (/Users/abhishekgiri/Desktop/laytime-intelligence1/frontend/node_modules/@babel/parser/lib/index.js:10908:17)
      at JSXParserMixin.parseMaybeConditional (/Users/abhishekgiri/Desktop/laytime-intelligence1/frontend/node_modules/@babel/parser/lib/index.js:10881:23)
      at JSXParserMixin.parseMaybeAssign (/Users/abhishekgiri/Desktop/laytime-intelligence1/frontend/node_modules/@babel/parser/lib/index.js:10831:21)
      at JSXParserMixin.parseExpressionBase (/Users/abhishekgiri/Desktop/laytime-intelligence1/frontend/node_modules/@babel/parser/lib/index.js:10784:23)
      at /Users/abhishekgiri/Desktop/laytime-intelligence1/frontend/node_modules/@babel/parser/lib/index.js:10780:39
      at JSXParserMixin.allowInAnd (/Users/abhishekgiri/Desktop/laytime-intelligence1/frontend/node_modules/@babel/parser/lib/index.js:12432:12)
      at JSXParserMixin.parseExpression (/Users/abhishekgiri/Desktop/laytime-intelligence1/frontend/node_modules/@babel/parser/lib/index.js:10780:17)
      at JSXParserMixin.jsxParseExpressionContainer (/Users/abhishekgiri/Desktop/laytime-intelligence1/frontend/node_modules/@babel/parser/lib/index.js:4665:31)
      at JSXParserMixin.jsxParseElementAt (/Users/abhishekgiri/Desktop/laytime-intelligence1/frontend/node_modules/@babel/parser/lib/index.js:4744:36)
      at JSXParserMixin.jsxParseElementAt (/Users/abhishekgiri/Desktop/laytime-intelligence1/frontend/node_modules/@babel/parser/lib/index.js:4731:32)
      at JSXParserMixin.jsxParseElementAt (/Users/abhishekgiri/Desktop/laytime-intelligence1/frontend/node_modules/@babel/parser/lib/index.js:4731:32)
      at JSXParserMixin.jsxParseElement (/Users/abhishekgiri/Desktop/laytime-intelligence1/frontend/node_modules/@babel/parser/lib/index.js:4782:17)
      at JSXParserMixin.parseExprAtom (/Users/abhishekgiri/Desktop/laytime-intelligence1/frontend/node_modules/@babel/parser/lib/index.js:4792:19)
      at JSXParserMixin.parseExprSubscripts (/Users/abhishekgiri/Desktop/laytime-intelligence1/frontend/node_modules/@babel/parser/lib/index.js:11081:23)
      at JSXParserMixin.parseUpdate (/Users/abhishekgiri/Desktop/laytime-intelligence1/frontend/node_modules/@babel/parser/lib/index.js:11066:21)
      at JSXParserMixin.parseMaybeUnary (/Users/abhishekgiri/Desktop/laytime-intelligence1/frontend/node_modules/@babel/parser/lib/index.js:11046:23)
      at JSXParserMixin.parseMaybeUnaryOrPrivate (/Users/abhishekgiri/Desktop/laytime-intelligence1/frontend/node_modules/@babel/parser/lib/index.js:10899:61)
      at JSXParserMixin.parseExprOps (/Users/abhishekgiri/Desktop/laytime-intelligence1/frontend/node_modules/@babel/parser/lib/index.js:10904:23)
      at JSXParserMixin.parseMaybeConditional (/Users/abhishekgiri/Desktop/laytime-intelligence1/frontend/node_modules/@babel/parser/lib/index.js:10881:23)
      at JSXParserMixin.parseMaybeAssign (/Users/abhishekgiri/Desktop/laytime-intelligence1/frontend/node_modules/@babel/parser/lib/index.js:10831:21)
      at /Users/abhishekgiri/Desktop/laytime-intelligence1/frontend/node_modules/@babel/parser/lib/index.js:10800:39
      at JSXParserMixin.allowInAnd (/Users/abhishekgiri/Desktop/laytime-intelligence1/frontend/node_modules/@babel/parser/lib/index.js:12432:12)
3:14:03 PM [vite] (client) hmr update /src/pages/LayspanDashboard.jsx, /src/index.css
3:14:03 PM [vite] (client) warning: The character "}" is not valid inside a JSX element
678 |  
679 |              </div>
680 |            )}
    |             ^
681 |  
682 |            {/* Multiple Files Results */}

  Plugin: vite:esbuild
  File: /Users/abhishekgiri/Desktop/laytime-intelligence1/frontend/src/pages/LayspanDashboard.jsx
3:15:50 PM [vite] (client) hmr update /src/pages/LayspanDashboard.jsx, /src/index.css
3:16:21 PM [vite] (client) hmr update /src/pages/LayspanDashboard.jsx, /src/index.css
3:16:21 PM [vite] (client) hmr update /src/components/AIChatbot.jsx, /src/index.css
3:16:23 PM [vite] (client) hmr update /src/components/AIChatbot.jsx, /src/index.css
3:16:23 PM [vite] (client) hmr update /src/pages/LayspanDashboard.jsx, /src/index.css
3:16:29 PM [vite] (client) hmr update /src/components/AIChatbot.jsx, /src/index.css
3:16:35 PM [vite] (client) hmr update /src/pages/LayspanDashboard.jsx, /src/index.css
3:16:35 PM [vite] Internal server error: /Users/abhishekgiri/Desktop/laytime-intelligence1/frontend/src/pages/LayspanDashboard.jsx: Adjacent JSX elements must be wrapped in an enclosing tag. Did you want a JSX fragment <>...</>? (921:6)

  919 |           )}
  920 |         </div>
> 921 |       </div>
      |       ^
  922 |     </div>
  923 |   );
  924 | };
  Plugin: vite:react-babel
  File: /Users/abhishekgiri/Desktop/laytime-intelligence1/frontend/src/pages/LayspanDashboard.jsx:921:6
  919 |            )}
  920 |          </div>
  921 |        </div>
      |        ^
  922 |      </div>
  923 |    );
      at constructor (/Users/abhishekgiri/Desktop/laytime-intelligence1/frontend/node_modules/@babel/parser/lib/index.js:367:19)
      at JSXParserMixin.raise (/Users/abhishekgiri/Desktop/laytime-intelligence1/frontend/node_modules/@babel/parser/lib/index.js:6630:19)
      at JSXParserMixin.jsxParseElementAt (/Users/abhishekgiri/Desktop/laytime-intelligence1/frontend/node_modules/@babel/parser/lib/index.js:4775:18)
      at JSXParserMixin.jsxParseElement (/Users/abhishekgiri/Desktop/laytime-intelligence1/frontend/node_modules/@babel/parser/lib/index.js:4782:17)
      at JSXParserMixin.parseExprAtom (/Users/abhishekgiri/Desktop/laytime-intelligence1/frontend/node_modules/@babel/parser/lib/index.js:4792:19)
      at JSXParserMixin.parseExprSubscripts (/Users/abhishekgiri/Desktop/laytime-intelligence1/frontend/node_modules/@babel/parser/lib/index.js:11081:23)
      at JSXParserMixin.parseUpdate (/Users/abhishekgiri/Desktop/laytime-intelligence1/frontend/node_modules/@babel/parser/lib/index.js:11066:21)
      at JSXParserMixin.parseMaybeUnary (/Users/abhishekgiri/Desktop/laytime-intelligence1/frontend/node_modules/@babel/parser/lib/index.js:11046:23)
      at JSXParserMixin.parseMaybeUnaryOrPrivate (/Users/abhishekgiri/Desktop/laytime-intelligence1/frontend/node_modules/@babel/parser/lib/index.js:10899:61)
      at JSXParserMixin.parseExprOps (/Users/abhishekgiri/Desktop/laytime-intelligence1/frontend/node_modules/@babel/parser/lib/index.js:10904:23)
      at JSXParserMixin.parseMaybeConditional (/Users/abhishekgiri/Desktop/laytime-intelligence1/frontend/node_modules/@babel/parser/lib/index.js:10881:23)
      at JSXParserMixin.parseMaybeAssign (/Users/abhishekgiri/Desktop/laytime-intelligence1/frontend/node_modules/@babel/parser/lib/index.js:10831:21)
      at /Users/abhishekgiri/Desktop/laytime-intelligence1/frontend/node_modules/@babel/parser/lib/index.js:10800:39
      at JSXParserMixin.allowInAnd (/Users/abhishekgiri/Desktop/laytime-intelligence1/frontend/node_modules/@babel/parser/lib/index.js:12432:12)
      at JSXParserMixin.parseMaybeAssignAllowIn (/Users/abhishekgiri/Desktop/laytime-intelligence1/frontend/node_modules/@babel/parser/lib/index.js:10800:17)
      at JSXParserMixin.parseMaybeAssignAllowInOrVoidPattern (/Users/abhishekgiri/Desktop/laytime-intelligence1/frontend/node_modules/@babel/parser/lib/index.js:12499:17)
      at JSXParserMixin.parseParenAndDistinguishExpression (/Users/abhishekgiri/Desktop/laytime-intelligence1/frontend/node_modules/@babel/parser/lib/index.js:11679:28)
      at JSXParserMixin.parseExprAtom (/Users/abhishekgiri/Desktop/laytime-intelligence1/frontend/node_modules/@babel/parser/lib/index.js:11331:23)
      at JSXParserMixin.parseExprAtom (/Users/abhishekgiri/Desktop/laytime-intelligence1/frontend/node_modules/@babel/parser/lib/index.js:4797:20)
      at JSXParserMixin.parseExprSubscripts (/Users/abhishekgiri/Desktop/laytime-intelligence1/frontend/node_modules/@babel/parser/lib/index.js:11081:23)
      at JSXParserMixin.parseUpdate (/Users/abhishekgiri/Desktop/laytime-intelligence1/frontend/node_modules/@babel/parser/lib/index.js:11066:21)
      at JSXParserMixin.parseMaybeUnary (/Users/abhishekgiri/Desktop/laytime-intelligence1/frontend/node_modules/@babel/parser/lib/index.js:11046:23)
      at JSXParserMixin.parseMaybeUnaryOrPrivate (/Users/abhishekgiri/Desktop/laytime-intelligence1/frontend/node_modules/@babel/parser/lib/index.js:10899:61)
      at JSXParserMixin.parseExprOpBaseRightExpr (/Users/abhishekgiri/Desktop/laytime-intelligence1/frontend/node_modules/@babel/parser/lib/index.js:10986:34)
      at JSXParserMixin.parseExprOpRightExpr (/Users/abhishekgiri/Desktop/laytime-intelligence1/frontend/node_modules/@babel/parser/lib/index.js:10981:21)
      at JSXParserMixin.parseExprOp (/Users/abhishekgiri/Desktop/laytime-intelligence1/frontend/node_modules/@babel/parser/lib/index.js:10947:27)
      at JSXParserMixin.parseExprOp (/Users/abhishekgiri/Desktop/laytime-intelligence1/frontend/node_modules/@babel/parser/lib/index.js:10953:21)
      at JSXParserMixin.parseExprOp (/Users/abhishekgiri/Desktop/laytime-intelligence1/frontend/node_modules/@babel/parser/lib/index.js:10953:21)
      at JSXParserMixin.parseExprOps (/Users/abhishekgiri/Desktop/laytime-intelligence1/frontend/node_modules/@babel/parser/lib/index.js:10908:17)
      at JSXParserMixin.parseMaybeConditional (/Users/abhishekgiri/Desktop/laytime-intelligence1/frontend/node_modules/@babel/parser/lib/index.js:10881:23)
      at JSXParserMixin.parseMaybeAssign (/Users/abhishekgiri/Desktop/laytime-intelligence1/frontend/node_modules/@babel/parser/lib/index.js:10831:21)
      at JSXParserMixin.parseExpressionBase (/Users/abhishekgiri/Desktop/laytime-intelligence1/frontend/node_modules/@babel/parser/lib/index.js:10784:23)
      at /Users/abhishekgiri/Desktop/laytime-intelligence1/frontend/node_modules/@babel/parser/lib/index.js:10780:39
      at JSXParserMixin.allowInAnd (/Users/abhishekgiri/Desktop/laytime-intelligence1/frontend/node_modules/@babel/parser/lib/index.js:12432:12)
      at JSXParserMixin.parseExpression (/Users/abhishekgiri/Desktop/laytime-intelligence1/frontend/node_modules/@babel/parser/lib/index.js:10780:17)
      at JSXParserMixin.jsxParseExpressionContainer (/Users/abhishekgiri/Desktop/laytime-intelligence1/frontend/node_modules/@babel/parser/lib/index.js:4665:31)
      at JSXParserMixin.jsxParseElementAt (/Users/abhishekgiri/Desktop/laytime-intelligence1/frontend/node_modules/@babel/parser/lib/index.js:4744:36)
      at JSXParserMixin.jsxParseElementAt (/Users/abhishekgiri/Desktop/laytime-intelligence1/frontend/node_modules/@babel/parser/lib/index.js:4731:32)
      at JSXParserMixin.jsxParseElementAt (/Users/abhishekgiri/Desktop/laytime-intelligence1/frontend/node_modules/@babel/parser/lib/index.js:4731:32)
      at JSXParserMixin.jsxParseElement (/Users/abhishekgiri/Desktop/laytime-intelligence1/frontend/node_modules/@babel/parser/lib/index.js:4782:17)
      at JSXParserMixin.parseExprAtom (/Users/abhishekgiri/Desktop/laytime-intelligence1/frontend/node_modules/@babel/parser/lib/index.js:4792:19)
      at JSXParserMixin.parseExprSubscripts (/Users/abhishekgiri/Desktop/laytime-intelligence1/frontend/node_modules/@babel/parser/lib/index.js:11081:23)
      at JSXParserMixin.parseUpdate (/Users/abhishekgiri/Desktop/laytime-intelligence1/frontend/node_modules/@babel/parser/lib/index.js:11066:21)
      at JSXParserMixin.parseMaybeUnary (/Users/abhishekgiri/Desktop/laytime-intelligence1/frontend/node_modules/@babel/parser/lib/index.js:11046:23)
      at JSXParserMixin.parseMaybeUnaryOrPrivate (/Users/abhishekgiri/Desktop/laytime-intelligence1/frontend/node_modules/@babel/parser/lib/index.js:10899:61)
      at JSXParserMixin.parseExprOps (/Users/abhishekgiri/Desktop/laytime-intelligence1/frontend/node_modules/@babel/parser/lib/index.js:10904:23)
      at JSXParserMixin.parseMaybeConditional (/Users/abhishekgiri/Desktop/laytime-intelligence1/frontend/node_modules/@babel/parser/lib/index.js:10881:23)
      at JSXParserMixin.parseMaybeAssign (/Users/abhishekgiri/Desktop/laytime-intelligence1/frontend/node_modules/@babel/parser/lib/index.js:10831:21)
      at /Users/abhishekgiri/Desktop/laytime-intelligence1/frontend/node_modules/@babel/parser/lib/index.js:10800:39
      at JSXParserMixin.allowInAnd (/Users/abhishekgiri/Desktop/laytime-intelligence1/frontend/node_modules/@babel/parser/lib/index.js:12432:12)
3:16:44 PM [vite] (client) Pre-transform error: /Users/abhishekgiri/Desktop/laytime-intelligence1/frontend/src/pages/LayspanDashboard.jsx: Adjacent JSX elements must be wrapped in an enclosing tag. Did you want a JSX fragment <>...</>? (921:6)

  919 |           )}
  920 |         </div>
> 921 |       </div>
      |       ^
  922 |     </div>
  923 |   );
  924 | };
  Plugin: vite:react-babel
  File: /Users/abhishekgiri/Desktop/laytime-intelligence1/frontend/src/pages/LayspanDashboard.jsx:921:6
  919 |            )}
  920 |          </div>
  921 |        </div>
      |        ^
  922 |      </div>
  923 |    );
3:16:44 PM [vite] Internal server error: /Users/abhishekgiri/Desktop/laytime-intelligence1/frontend/src/pages/LayspanDashboard.jsx: Adjacent JSX elements must be wrapped in an enclosing tag. Did you want a JSX fragment <>...</>? (921:6)

  919 |           )}
  920 |         </div>
> 921 |       </div>
      |       ^
  922 |     </div>
  923 |   );
  924 | };
  Plugin: vite:react-babel
  File: /Users/abhishekgiri/Desktop/laytime-intelligence1/frontend/src/pages/LayspanDashboard.jsx:921:6
  919 |            )}
  920 |          </div>
  921 |        </div>
      |        ^
  922 |      </div>
  923 |    );
      at constructor (/Users/abhishekgiri/Desktop/laytime-intelligence1/frontend/node_modules/@babel/parser/lib/index.js:367:19)
      at JSXParserMixin.raise (/Users/abhishekgiri/Desktop/laytime-intelligence1/frontend/node_modules/@babel/parser/lib/index.js:6630:19)
      at JSXParserMixin.jsxParseElementAt (/Users/abhishekgiri/Desktop/laytime-intelligence1/frontend/node_modules/@babel/parser/lib/index.js:4775:18)
      at JSXParserMixin.jsxParseElement (/Users/abhishekgiri/Desktop/laytime-intelligence1/frontend/node_modules/@babel/parser/lib/index.js:4782:17)
      at JSXParserMixin.parseExprAtom (/Users/abhishekgiri/Desktop/laytime-intelligence1/frontend/node_modules/@babel/parser/lib/index.js:4792:19)
      at JSXParserMixin.parseExprSubscripts (/Users/abhishekgiri/Desktop/laytime-intelligence1/frontend/node_modules/@babel/parser/lib/index.js:11081:23)
      at JSXParserMixin.parseUpdate (/Users/abhishekgiri/Desktop/laytime-intelligence1/frontend/node_modules/@babel/parser/lib/index.js:11066:21)
      at JSXParserMixin.parseMaybeUnary (/Users/abhishekgiri/Desktop/laytime-intelligence1/frontend/node_modules/@babel/parser/lib/index.js:11046:23)
      at JSXParserMixin.parseMaybeUnaryOrPrivate (/Users/abhishekgiri/Desktop/laytime-intelligence1/frontend/node_modules/@babel/parser/lib/index.js:10899:61)
      at JSXParserMixin.parseExprOps (/Users/abhishekgiri/Desktop/laytime-intelligence1/frontend/node_modules/@babel/parser/lib/index.js:10904:23)
      at JSXParserMixin.parseMaybeConditional (/Users/abhishekgiri/Desktop/laytime-intelligence1/frontend/node_modules/@babel/parser/lib/index.js:10881:23)
      at JSXParserMixin.parseMaybeAssign (/Users/abhishekgiri/Desktop/laytime-intelligence1/frontend/node_modules/@babel/parser/lib/index.js:10831:21)
      at /Users/abhishekgiri/Desktop/laytime-intelligence1/frontend/node_modules/@babel/parser/lib/index.js:10800:39
      at JSXParserMixin.allowInAnd (/Users/abhishekgiri/Desktop/laytime-intelligence1/frontend/node_modules/@babel/parser/lib/index.js:12432:12)
      at JSXParserMixin.parseMaybeAssignAllowIn (/Users/abhishekgiri/Desktop/laytime-intelligence1/frontend/node_modules/@babel/parser/lib/index.js:10800:17)
      at JSXParserMixin.parseMaybeAssignAllowInOrVoidPattern (/Users/abhishekgiri/Desktop/laytime-intelligence1/frontend/node_modules/@babel/parser/lib/index.js:12499:17)
      at JSXParserMixin.parseParenAndDistinguishExpression (/Users/abhishekgiri/Desktop/laytime-intelligence1/frontend/node_modules/@babel/parser/lib/index.js:11679:28)
      at JSXParserMixin.parseExprAtom (/Users/abhishekgiri/Desktop/laytime-intelligence1/frontend/node_modules/@babel/parser/lib/index.js:11331:23)
      at JSXParserMixin.parseExprAtom (/Users/abhishekgiri/Desktop/laytime-intelligence1/frontend/node_modules/@babel/parser/lib/index.js:4797:20)
      at JSXParserMixin.parseExprSubscripts (/Users/abhishekgiri/Desktop/laytime-intelligence1/frontend/node_modules/@babel/parser/lib/index.js:11081:23)
      at JSXParserMixin.parseUpdate (/Users/abhishekgiri/Desktop/laytime-intelligence1/frontend/node_modules/@babel/parser/lib/index.js:11066:21)
      at JSXParserMixin.parseMaybeUnary (/Users/abhishekgiri/Desktop/laytime-intelligence1/frontend/node_modules/@babel/parser/lib/index.js:11046:23)
      at JSXParserMixin.parseMaybeUnaryOrPrivate (/Users/abhishekgiri/Desktop/laytime-intelligence1/frontend/node_modules/@babel/parser/lib/index.js:10899:61)
      at JSXParserMixin.parseExprOpBaseRightExpr (/Users/abhishekgiri/Desktop/laytime-intelligence1/frontend/node_modules/@babel/parser/lib/index.js:10986:34)
      at JSXParserMixin.parseExprOpRightExpr (/Users/abhishekgiri/Desktop/laytime-intelligence1/frontend/node_modules/@babel/parser/lib/index.js:10981:21)
      at JSXParserMixin.parseExprOp (/Users/abhishekgiri/Desktop/laytime-intelligence1/frontend/node_modules/@babel/parser/lib/index.js:10947:27)
      at JSXParserMixin.parseExprOp (/Users/abhishekgiri/Desktop/laytime-intelligence1/frontend/node_modules/@babel/parser/lib/index.js:10953:21)
      at JSXParserMixin.parseExprOp (/Users/abhishekgiri/Desktop/laytime-intelligence1/frontend/node_modules/@babel/parser/lib/index.js:10953:21)
      at JSXParserMixin.parseExprOps (/Users/abhishekgiri/Desktop/laytime-intelligence1/frontend/node_modules/@babel/parser/lib/index.js:10908:17)
      at JSXParserMixin.parseMaybeConditional (/Users/abhishekgiri/Desktop/laytime-intelligence1/frontend/node_modules/@babel/parser/lib/index.js:10881:23)
      at JSXParserMixin.parseMaybeAssign (/Users/abhishekgiri/Desktop/laytime-intelligence1/frontend/node_modules/@babel/parser/lib/index.js:10831:21)
      at JSXParserMixin.parseExpressionBase (/Users/abhishekgiri/Desktop/laytime-intelligence1/frontend/node_modules/@babel/parser/lib/index.js:10784:23)
      at /Users/abhishekgiri/Desktop/laytime-intelligence1/frontend/node_modules/@babel/parser/lib/index.js:10780:39
      at JSXParserMixin.allowInAnd (/Users/abhishekgiri/Desktop/laytime-intelligence1/frontend/node_modules/@babel/parser/lib/index.js:12432:12)
      at JSXParserMixin.parseExpression (/Users/abhishekgiri/Desktop/laytime-intelligence1/frontend/node_modules/@babel/parser/lib/index.js:10780:17)
      at JSXParserMixin.jsxParseExpressionContainer (/Users/abhishekgiri/Desktop/laytime-intelligence1/frontend/node_modules/@babel/parser/lib/index.js:4665:31)
      at JSXParserMixin.jsxParseElementAt (/Users/abhishekgiri/Desktop/laytime-intelligence1/frontend/node_modules/@babel/parser/lib/index.js:4744:36)
      at JSXParserMixin.jsxParseElementAt (/Users/abhishekgiri/Desktop/laytime-intelligence1/frontend/node_modules/@babel/parser/lib/index.js:4731:32)
      at JSXParserMixin.jsxParseElementAt (/Users/abhishekgiri/Desktop/laytime-intelligence1/frontend/node_modules/@babel/parser/lib/index.js:4731:32)
      at JSXParserMixin.jsxParseElement (/Users/abhishekgiri/Desktop/laytime-intelligence1/frontend/node_modules/@babel/parser/lib/index.js:4782:17)
      at JSXParserMixin.parseExprAtom (/Users/abhishekgiri/Desktop/laytime-intelligence1/frontend/node_modules/@babel/parser/lib/index.js:4792:19)
      at JSXParserMixin.parseExprSubscripts (/Users/abhishekgiri/Desktop/laytime-intelligence1/frontend/node_modules/@babel/parser/lib/index.js:11081:23)
      at JSXParserMixin.parseUpdate (/Users/abhishekgiri/Desktop/laytime-intelligence1/frontend/node_modules/@babel/parser/lib/index.js:11066:21)
      at JSXParserMixin.parseMaybeUnary (/Users/abhishekgiri/Desktop/laytime-intelligence1/frontend/node_modules/@babel/parser/lib/index.js:11046:23)
      at JSXParserMixin.parseMaybeUnaryOrPrivate (/Users/abhishekgiri/Desktop/laytime-intelligence1/frontend/node_modules/@babel/parser/lib/index.js:10899:61)
      at JSXParserMixin.parseExprOps (/Users/abhishekgiri/Desktop/laytime-intelligence1/frontend/node_modules/@babel/parser/lib/index.js:10904:23)
      at JSXParserMixin.parseMaybeConditional (/Users/abhishekgiri/Desktop/laytime-intelligence1/frontend/node_modules/@babel/parser/lib/index.js:10881:23)
      at JSXParserMixin.parseMaybeAssign (/Users/abhishekgiri/Desktop/laytime-intelligence1/frontend/node_modules/@babel/parser/lib/index.js:10831:21)
      at /Users/abhishekgiri/Desktop/laytime-intelligence1/frontend/node_modules/@babel/parser/lib/index.js:10800:39
      at JSXParserMixin.allowInAnd (/Users/abhishekgiri/Desktop/laytime-intelligence1/frontend/node_modules/@babel/parser/lib/index.js:12432:12)
3:17:03 PM [vite] Internal server error: /Users/abhishekgiri/Desktop/laytime-intelligence1/frontend/src/pages/LayspanDashboard.jsx: Adjacent JSX elements must be wrapped in an enclosing tag. Did you want a JSX fragment <>...</>? (921:6)

  919 |           )}
  920 |         </div>
> 921 |       </div>
      |       ^
  922 |     </div>
  923 |   );
  924 | };
  Plugin: vite:react-babel
  File: /Users/abhishekgiri/Desktop/laytime-intelligence1/frontend/src/pages/LayspanDashboard.jsx:921:6
  919 |            )}
  920 |          </div>
  921 |        </div>
      |        ^
  922 |      </div>
  923 |    );
      at constructor (/Users/abhishekgiri/Desktop/laytime-intelligence1/frontend/node_modules/@babel/parser/lib/index.js:367:19)
      at JSXParserMixin.raise (/Users/abhishekgiri/Desktop/laytime-intelligence1/frontend/node_modules/@babel/parser/lib/index.js:6630:19)
      at JSXParserMixin.jsxParseElementAt (/Users/abhishekgiri/Desktop/laytime-intelligence1/frontend/node_modules/@babel/parser/lib/index.js:4775:18)
      at JSXParserMixin.jsxParseElement (/Users/abhishekgiri/Desktop/laytime-intelligence1/frontend/node_modules/@babel/parser/lib/index.js:4782:17)
      at JSXParserMixin.parseExprAtom (/Users/abhishekgiri/Desktop/laytime-intelligence1/frontend/node_modules/@babel/parser/lib/index.js:4792:19)
      at JSXParserMixin.parseExprSubscripts (/Users/abhishekgiri/Desktop/laytime-intelligence1/frontend/node_modules/@babel/parser/lib/index.js:11081:23)
      at JSXParserMixin.parseUpdate (/Users/abhishekgiri/Desktop/laytime-intelligence1/frontend/node_modules/@babel/parser/lib/index.js:11066:21)
      at JSXParserMixin.parseMaybeUnary (/Users/abhishekgiri/Desktop/laytime-intelligence1/frontend/node_modules/@babel/parser/lib/index.js:11046:23)
      at JSXParserMixin.parseMaybeUnaryOrPrivate (/Users/abhishekgiri/Desktop/laytime-intelligence1/frontend/node_modules/@babel/parser/lib/index.js:10899:61)
      at JSXParserMixin.parseExprOps (/Users/abhishekgiri/Desktop/laytime-intelligence1/frontend/node_modules/@babel/parser/lib/index.js:10904:23)
      at JSXParserMixin.parseMaybeConditional (/Users/abhishekgiri/Desktop/laytime-intelligence1/frontend/node_modules/@babel/parser/lib/index.js:10881:23)
      at JSXParserMixin.parseMaybeAssign (/Users/abhishekgiri/Desktop/laytime-intelligence1/frontend/node_modules/@babel/parser/lib/index.js:10831:21)
      at /Users/abhishekgiri/Desktop/laytime-intelligence1/frontend/node_modules/@babel/parser/lib/index.js:10800:39
      at JSXParserMixin.allowInAnd (/Users/abhishekgiri/Desktop/laytime-intelligence1/frontend/node_modules/@babel/parser/lib/index.js:12432:12)
      at JSXParserMixin.parseMaybeAssignAllowIn (/Users/abhishekgiri/Desktop/laytime-intelligence1/frontend/node_modules/@babel/parser/lib/index.js:10800:17)
      at JSXParserMixin.parseMaybeAssignAllowInOrVoidPattern (/Users/abhishekgiri/Desktop/laytime-intelligence1/frontend/node_modules/@babel/parser/lib/index.js:12499:17)
      at JSXParserMixin.parseParenAndDistinguishExpression (/Users/abhishekgiri/Desktop/laytime-intelligence1/frontend/node_modules/@babel/parser/lib/index.js:11679:28)
      at JSXParserMixin.parseExprAtom (/Users/abhishekgiri/Desktop/laytime-intelligence1/frontend/node_modules/@babel/parser/lib/index.js:11331:23)
      at JSXParserMixin.parseExprAtom (/Users/abhishekgiri/Desktop/laytime-intelligence1/frontend/node_modules/@babel/parser/lib/index.js:4797:20)
      at JSXParserMixin.parseExprSubscripts (/Users/abhishekgiri/Desktop/laytime-intelligence1/frontend/node_modules/@babel/parser/lib/index.js:11081:23)
      at JSXParserMixin.parseUpdate (/Users/abhishekgiri/Desktop/laytime-intelligence1/frontend/node_modules/@babel/parser/lib/index.js:11066:21)
      at JSXParserMixin.parseMaybeUnary (/Users/abhishekgiri/Desktop/laytime-intelligence1/frontend/node_modules/@babel/parser/lib/index.js:11046:23)
      at JSXParserMixin.parseMaybeUnaryOrPrivate (/Users/abhishekgiri/Desktop/laytime-intelligence1/frontend/node_modules/@babel/parser/lib/index.js:10899:61)
      at JSXParserMixin.parseExprOpBaseRightExpr (/Users/abhishekgiri/Desktop/laytime-intelligence1/frontend/node_modules/@babel/parser/lib/index.js:10986:34)
      at JSXParserMixin.parseExprOpRightExpr (/Users/abhishekgiri/Desktop/laytime-intelligence1/frontend/node_modules/@babel/parser/lib/index.js:10981:21)
      at JSXParserMixin.parseExprOp (/Users/abhishekgiri/Desktop/laytime-intelligence1/frontend/node_modules/@babel/parser/lib/index.js:10947:27)
      at JSXParserMixin.parseExprOp (/Users/abhishekgiri/Desktop/laytime-intelligence1/frontend/node_modules/@babel/parser/lib/index.js:10953:21)
      at JSXParserMixin.parseExprOp (/Users/abhishekgiri/Desktop/laytime-intelligence1/frontend/node_modules/@babel/parser/lib/index.js:10953:21)
      at JSXParserMixin.parseExprOps (/Users/abhishekgiri/Desktop/laytime-intelligence1/frontend/node_modules/@babel/parser/lib/index.js:10908:17)
      at JSXParserMixin.parseMaybeConditional (/Users/abhishekgiri/Desktop/laytime-intelligence1/frontend/node_modules/@babel/parser/lib/index.js:10881:23)
      at JSXParserMixin.parseMaybeAssign (/Users/abhishekgiri/Desktop/laytime-intelligence1/frontend/node_modules/@babel/parser/lib/index.js:10831:21)
      at JSXParserMixin.parseExpressionBase (/Users/abhishekgiri/Desktop/laytime-intelligence1/frontend/node_modules/@babel/parser/lib/index.js:10784:23)
      at /Users/abhishekgiri/Desktop/laytime-intelligence1/frontend/node_modules/@babel/parser/lib/index.js:10780:39
      at JSXParserMixin.allowInAnd (/Users/abhishekgiri/Desktop/laytime-intelligence1/frontend/node_modules/@babel/parser/lib/index.js:12432:12)
      at JSXParserMixin.parseExpression (/Users/abhishekgiri/Desktop/laytime-intelligence1/frontend/node_modules/@babel/parser/lib/index.js:10780:17)
      at JSXParserMixin.jsxParseExpressionContainer (/Users/abhishekgiri/Desktop/laytime-intelligence1/frontend/node_modules/@babel/parser/lib/index.js:4665:31)
      at JSXParserMixin.jsxParseElementAt (/Users/abhishekgiri/Desktop/laytime-intelligence1/frontend/node_modules/@babel/parser/lib/index.js:4744:36)
      at JSXParserMixin.jsxParseElementAt (/Users/abhishekgiri/Desktop/laytime-intelligence1/frontend/node_modules/@babel/parser/lib/index.js:4731:32)
      at JSXParserMixin.jsxParseElementAt (/Users/abhishekgiri/Desktop/laytime-intelligence1/frontend/node_modules/@babel/parser/lib/index.js:4731:32)
      at JSXParserMixin.jsxParseElement (/Users/abhishekgiri/Desktop/laytime-intelligence1/frontend/node_modules/@babel/parser/lib/index.js:4782:17)
      at JSXParserMixin.parseExprAtom (/Users/abhishekgiri/Desktop/laytime-intelligence1/frontend/node_modules/@babel/parser/lib/index.js:4792:19)
      at JSXParserMixin.parseExprSubscripts (/Users/abhishekgiri/Desktop/laytime-intelligence1/frontend/node_modules/@babel/parser/lib/index.js:11081:23)
      at JSXParserMixin.parseUpdate (/Users/abhishekgiri/Desktop/laytime-intelligence1/frontend/node_modules/@babel/parser/lib/index.js:11066:21)
      at JSXParserMixin.parseMaybeUnary (/Users/abhishekgiri/Desktop/laytime-intelligence1/frontend/node_modules/@babel/parser/lib/index.js:11046:23)
      at JSXParserMixin.parseMaybeUnaryOrPrivate (/Users/abhishekgiri/Desktop/laytime-intelligence1/frontend/node_modules/@babel/parser/lib/index.js:10899:61)
      at JSXParserMixin.parseExprOps (/Users/abhishekgiri/Desktop/laytime-intelligence1/frontend/node_modules/@babel/parser/lib/index.js:10904:23)
      at JSXParserMixin.parseMaybeConditional (/Users/abhishekgiri/Desktop/laytime-intelligence1/frontend/node_modules/@babel/parser/lib/index.js:10881:23)
      at JSXParserMixin.parseMaybeAssign (/Users/abhishekgiri/Desktop/laytime-intelligence1/frontend/node_modules/@babel/parser/lib/index.js:10831:21)
      at /Users/abhishekgiri/Desktop/laytime-intelligence1/frontend/node_modules/@babel/parser/lib/index.js:10800:39
      at JSXParserMixin.allowInAnd (/Users/abhishekgiri/Desktop/laytime-intelligence1/frontend/node_modules/@babel/parser/lib/index.js:12432:12)
3:17:33 PM [vite] (client) hmr update /src/pages/LayspanDashboard.jsx, /src/index.css
3:17:33 PM [vite] (client) Pre-transform error: /Users/abhishekgiri/Desktop/laytime-intelligence1/frontend/src/pages/LayspanDashboard.jsx: Adjacent JSX elements must be wrapped in an enclosing tag. Did you want a JSX fragment <>...</>? (610:12)

  608 |                 onEventDelete={handleEventDelete}
  609 |               />
> 610 |             </div>
      |             ^
  611 |           )}
  612 |
  613 |           {/* Multiple Files Results */}
  Plugin: vite:react-babel
  File: /Users/abhishekgiri/Desktop/laytime-intelligence1/frontend/src/pages/LayspanDashboard.jsx:610:12
  608 |                  onEventDelete={handleEventDelete}
  609 |                />
  610 |              </div>
      |              ^
  611 |            )}
  612 |  
3:17:33 PM [vite] Internal server error: /Users/abhishekgiri/Desktop/laytime-intelligence1/frontend/src/pages/LayspanDashboard.jsx: Adjacent JSX elements must be wrapped in an enclosing tag. Did you want a JSX fragment <>...</>? (610:12)

  608 |                 onEventDelete={handleEventDelete}
  609 |               />
> 610 |             </div>
      |             ^
  611 |           )}
  612 |
  613 |           {/* Multiple Files Results */}
  Plugin: vite:react-babel
  File: /Users/abhishekgiri/Desktop/laytime-intelligence1/frontend/src/pages/LayspanDashboard.jsx:610:12
  608 |                  onEventDelete={handleEventDelete}
  609 |                />
  610 |              </div>
      |              ^
  611 |            )}
  612 |  
      at constructor (/Users/abhishekgiri/Desktop/laytime-intelligence1/frontend/node_modules/@babel/parser/lib/index.js:367:19)
      at JSXParserMixin.raise (/Users/abhishekgiri/Desktop/laytime-intelligence1/frontend/node_modules/@babel/parser/lib/index.js:6630:19)
      at JSXParserMixin.jsxParseElementAt (/Users/abhishekgiri/Desktop/laytime-intelligence1/frontend/node_modules/@babel/parser/lib/index.js:4775:18)
      at JSXParserMixin.jsxParseElement (/Users/abhishekgiri/Desktop/laytime-intelligence1/frontend/node_modules/@babel/parser/lib/index.js:4782:17)
      at JSXParserMixin.parseExprAtom (/Users/abhishekgiri/Desktop/laytime-intelligence1/frontend/node_modules/@babel/parser/lib/index.js:4792:19)
      at JSXParserMixin.parseExprSubscripts (/Users/abhishekgiri/Desktop/laytime-intelligence1/frontend/node_modules/@babel/parser/lib/index.js:11081:23)
      at JSXParserMixin.parseUpdate (/Users/abhishekgiri/Desktop/laytime-intelligence1/frontend/node_modules/@babel/parser/lib/index.js:11066:21)
      at JSXParserMixin.parseMaybeUnary (/Users/abhishekgiri/Desktop/laytime-intelligence1/frontend/node_modules/@babel/parser/lib/index.js:11046:23)
      at JSXParserMixin.parseMaybeUnaryOrPrivate (/Users/abhishekgiri/Desktop/laytime-intelligence1/frontend/node_modules/@babel/parser/lib/index.js:10899:61)
      at JSXParserMixin.parseExprOps (/Users/abhishekgiri/Desktop/laytime-intelligence1/frontend/node_modules/@babel/parser/lib/index.js:10904:23)
      at JSXParserMixin.parseMaybeConditional (/Users/abhishekgiri/Desktop/laytime-intelligence1/frontend/node_modules/@babel/parser/lib/index.js:10881:23)
      at JSXParserMixin.parseMaybeAssign (/Users/abhishekgiri/Desktop/laytime-intelligence1/frontend/node_modules/@babel/parser/lib/index.js:10831:21)
      at /Users/abhishekgiri/Desktop/laytime-intelligence1/frontend/node_modules/@babel/parser/lib/index.js:10800:39
      at JSXParserMixin.allowInAnd (/Users/abhishekgiri/Desktop/laytime-intelligence1/frontend/node_modules/@babel/parser/lib/index.js:12432:12)
      at JSXParserMixin.parseMaybeAssignAllowIn (/Users/abhishekgiri/Desktop/laytime-intelligence1/frontend/node_modules/@babel/parser/lib/index.js:10800:17)
      at JSXParserMixin.parseMaybeAssignAllowInOrVoidPattern (/Users/abhishekgiri/Desktop/laytime-intelligence1/frontend/node_modules/@babel/parser/lib/index.js:12499:17)
      at JSXParserMixin.parseParenAndDistinguishExpression (/Users/abhishekgiri/Desktop/laytime-intelligence1/frontend/node_modules/@babel/parser/lib/index.js:11679:28)
      at JSXParserMixin.parseExprAtom (/Users/abhishekgiri/Desktop/laytime-intelligence1/frontend/node_modules/@babel/parser/lib/index.js:11331:23)
      at JSXParserMixin.parseExprAtom (/Users/abhishekgiri/Desktop/laytime-intelligence1/frontend/node_modules/@babel/parser/lib/index.js:4797:20)
      at JSXParserMixin.parseExprSubscripts (/Users/abhishekgiri/Desktop/laytime-intelligence1/frontend/node_modules/@babel/parser/lib/index.js:11081:23)
      at JSXParserMixin.parseUpdate (/Users/abhishekgiri/Desktop/laytime-intelligence1/frontend/node_modules/@babel/parser/lib/index.js:11066:21)
      at JSXParserMixin.parseMaybeUnary (/Users/abhishekgiri/Desktop/laytime-intelligence1/frontend/node_modules/@babel/parser/lib/index.js:11046:23)
      at JSXParserMixin.parseMaybeUnaryOrPrivate (/Users/abhishekgiri/Desktop/laytime-intelligence1/frontend/node_modules/@babel/parser/lib/index.js:10899:61)
      at JSXParserMixin.parseExprOpBaseRightExpr (/Users/abhishekgiri/Desktop/laytime-intelligence1/frontend/node_modules/@babel/parser/lib/index.js:10986:34)
      at JSXParserMixin.parseExprOpRightExpr (/Users/abhishekgiri/Desktop/laytime-intelligence1/frontend/node_modules/@babel/parser/lib/index.js:10981:21)
      at JSXParserMixin.parseExprOp (/Users/abhishekgiri/Desktop/laytime-intelligence1/frontend/node_modules/@babel/parser/lib/index.js:10947:27)
      at JSXParserMixin.parseExprOp (/Users/abhishekgiri/Desktop/laytime-intelligence1/frontend/node_modules/@babel/parser/lib/index.js:10953:21)
      at JSXParserMixin.parseExprOp (/Users/abhishekgiri/Desktop/laytime-intelligence1/frontend/node_modules/@babel/parser/lib/index.js:10953:21)
      at JSXParserMixin.parseExprOps (/Users/abhishekgiri/Desktop/laytime-intelligence1/frontend/node_modules/@babel/parser/lib/index.js:10908:17)
      at JSXParserMixin.parseMaybeConditional (/Users/abhishekgiri/Desktop/laytime-intelligence1/frontend/node_modules/@babel/parser/lib/index.js:10881:23)
      at JSXParserMixin.parseMaybeAssign (/Users/abhishekgiri/Desktop/laytime-intelligence1/frontend/node_modules/@babel/parser/lib/index.js:10831:21)
      at JSXParserMixin.parseExpressionBase (/Users/abhishekgiri/Desktop/laytime-intelligence1/frontend/node_modules/@babel/parser/lib/index.js:10784:23)
      at /Users/abhishekgiri/Desktop/laytime-intelligence1/frontend/node_modules/@babel/parser/lib/index.js:10780:39
      at JSXParserMixin.allowInAnd (/Users/abhishekgiri/Desktop/laytime-intelligence1/frontend/node_modules/@babel/parser/lib/index.js:12432:12)
      at JSXParserMixin.parseExpression (/Users/abhishekgiri/Desktop/laytime-intelligence1/frontend/node_modules/@babel/parser/lib/index.js:10780:17)
      at JSXParserMixin.jsxParseExpressionContainer (/Users/abhishekgiri/Desktop/laytime-intelligence1/frontend/node_modules/@babel/parser/lib/index.js:4665:31)
      at JSXParserMixin.jsxParseElementAt (/Users/abhishekgiri/Desktop/laytime-intelligence1/frontend/node_modules/@babel/parser/lib/index.js:4744:36)
      at JSXParserMixin.jsxParseElementAt (/Users/abhishekgiri/Desktop/laytime-intelligence1/frontend/node_modules/@babel/parser/lib/index.js:4731:32)
      at JSXParserMixin.jsxParseElementAt (/Users/abhishekgiri/Desktop/laytime-intelligence1/frontend/node_modules/@babel/parser/lib/index.js:4731:32)
      at JSXParserMixin.jsxParseElement (/Users/abhishekgiri/Desktop/laytime-intelligence1/frontend/node_modules/@babel/parser/lib/index.js:4782:17)
      at JSXParserMixin.parseExprAtom (/Users/abhishekgiri/Desktop/laytime-intelligence1/frontend/node_modules/@babel/parser/lib/index.js:4792:19)
      at JSXParserMixin.parseExprSubscripts (/Users/abhishekgiri/Desktop/laytime-intelligence1/frontend/node_modules/@babel/parser/lib/index.js:11081:23)
      at JSXParserMixin.parseUpdate (/Users/abhishekgiri/Desktop/laytime-intelligence1/frontend/node_modules/@babel/parser/lib/index.js:11066:21)
      at JSXParserMixin.parseMaybeUnary (/Users/abhishekgiri/Desktop/laytime-intelligence1/frontend/node_modules/@babel/parser/lib/index.js:11046:23)
      at JSXParserMixin.parseMaybeUnaryOrPrivate (/Users/abhishekgiri/Desktop/laytime-intelligence1/frontend/node_modules/@babel/parser/lib/index.js:10899:61)
      at JSXParserMixin.parseExprOps (/Users/abhishekgiri/Desktop/laytime-intelligence1/frontend/node_modules/@babel/parser/lib/index.js:10904:23)
      at JSXParserMixin.parseMaybeConditional (/Users/abhishekgiri/Desktop/laytime-intelligence1/frontend/node_modules/@babel/parser/lib/index.js:10881:23)
      at JSXParserMixin.parseMaybeAssign (/Users/abhishekgiri/Desktop/laytime-intelligence1/frontend/node_modules/@babel/parser/lib/index.js:10831:21)
      at /Users/abhishekgiri/Desktop/laytime-intelligence1/frontend/node_modules/@babel/parser/lib/index.js:10800:39
      at JSXParserMixin.allowInAnd (/Users/abhishekgiri/Desktop/laytime-intelligence1/frontend/node_modules/@babel/parser/lib/index.js:12432:12)
3:18:05 PM [vite] Internal server error: /Users/abhishekgiri/Desktop/laytime-intelligence1/frontend/src/pages/LayspanDashboard.jsx: Adjacent JSX elements must be wrapped in an enclosing tag. Did you want a JSX fragment <>...</>? (610:12)

  608 |                 onEventDelete={handleEventDelete}
  609 |               />
> 610 |             </div>
      |             ^
  611 |           )}
  612 |
  613 |           {/* Multiple Files Results */}
  Plugin: vite:react-babel
  File: /Users/abhishekgiri/Desktop/laytime-intelligence1/frontend/src/pages/LayspanDashboard.jsx:610:12
  608 |                  onEventDelete={handleEventDelete}
  609 |                />
  610 |              </div>
      |              ^
  611 |            )}
  612 |  
      at constructor (/Users/abhishekgiri/Desktop/laytime-intelligence1/frontend/node_modules/@babel/parser/lib/index.js:367:19)
      at JSXParserMixin.raise (/Users/abhishekgiri/Desktop/laytime-intelligence1/frontend/node_modules/@babel/parser/lib/index.js:6630:19)
      at JSXParserMixin.jsxParseElementAt (/Users/abhishekgiri/Desktop/laytime-intelligence1/frontend/node_modules/@babel/parser/lib/index.js:4775:18)
      at JSXParserMixin.jsxParseElement (/Users/abhishekgiri/Desktop/laytime-intelligence1/frontend/node_modules/@babel/parser/lib/index.js:4782:17)
      at JSXParserMixin.parseExprAtom (/Users/abhishekgiri/Desktop/laytime-intelligence1/frontend/node_modules/@babel/parser/lib/index.js:4792:19)
      at JSXParserMixin.parseExprSubscripts (/Users/abhishekgiri/Desktop/laytime-intelligence1/frontend/node_modules/@babel/parser/lib/index.js:11081:23)
      at JSXParserMixin.parseUpdate (/Users/abhishekgiri/Desktop/laytime-intelligence1/frontend/node_modules/@babel/parser/lib/index.js:11066:21)
      at JSXParserMixin.parseMaybeUnary (/Users/abhishekgiri/Desktop/laytime-intelligence1/frontend/node_modules/@babel/parser/lib/index.js:11046:23)
      at JSXParserMixin.parseMaybeUnaryOrPrivate (/Users/abhishekgiri/Desktop/laytime-intelligence1/frontend/node_modules/@babel/parser/lib/index.js:10899:61)
      at JSXParserMixin.parseExprOps (/Users/abhishekgiri/Desktop/laytime-intelligence1/frontend/node_modules/@babel/parser/lib/index.js:10904:23)
      at JSXParserMixin.parseMaybeConditional (/Users/abhishekgiri/Desktop/laytime-intelligence1/frontend/node_modules/@babel/parser/lib/index.js:10881:23)
      at JSXParserMixin.parseMaybeAssign (/Users/abhishekgiri/Desktop/laytime-intelligence1/frontend/node_modules/@babel/parser/lib/index.js:10831:21)
      at /Users/abhishekgiri/Desktop/laytime-intelligence1/frontend/node_modules/@babel/parser/lib/index.js:10800:39
      at JSXParserMixin.allowInAnd (/Users/abhishekgiri/Desktop/laytime-intelligence1/frontend/node_modules/@babel/parser/lib/index.js:12432:12)
      at JSXParserMixin.parseMaybeAssignAllowIn (/Users/abhishekgiri/Desktop/laytime-intelligence1/frontend/node_modules/@babel/parser/lib/index.js:10800:17)
      at JSXParserMixin.parseMaybeAssignAllowInOrVoidPattern (/Users/abhishekgiri/Desktop/laytime-intelligence1/frontend/node_modules/@babel/parser/lib/index.js:12499:17)
      at JSXParserMixin.parseParenAndDistinguishExpression (/Users/abhishekgiri/Desktop/laytime-intelligence1/frontend/node_modules/@babel/parser/lib/index.js:11679:28)
      at JSXParserMixin.parseExprAtom (/Users/abhishekgiri/Desktop/laytime-intelligence1/frontend/node_modules/@babel/parser/lib/index.js:11331:23)
      at JSXParserMixin.parseExprAtom (/Users/abhishekgiri/Desktop/laytime-intelligence1/frontend/node_modules/@babel/parser/lib/index.js:4797:20)
      at JSXParserMixin.parseExprSubscripts (/Users/abhishekgiri/Desktop/laytime-intelligence1/frontend/node_modules/@babel/parser/lib/index.js:11081:23)
      at JSXParserMixin.parseUpdate (/Users/abhishekgiri/Desktop/laytime-intelligence1/frontend/node_modules/@babel/parser/lib/index.js:11066:21)
      at JSXParserMixin.parseMaybeUnary (/Users/abhishekgiri/Desktop/laytime-intelligence1/frontend/node_modules/@babel/parser/lib/index.js:11046:23)
      at JSXParserMixin.parseMaybeUnaryOrPrivate (/Users/abhishekgiri/Desktop/laytime-intelligence1/frontend/node_modules/@babel/parser/lib/index.js:10899:61)
      at JSXParserMixin.parseExprOpBaseRightExpr (/Users/abhishekgiri/Desktop/laytime-intelligence1/frontend/node_modules/@babel/parser/lib/index.js:10986:34)
      at JSXParserMixin.parseExprOpRightExpr (/Users/abhishekgiri/Desktop/laytime-intelligence1/frontend/node_modules/@babel/parser/lib/index.js:10981:21)
      at JSXParserMixin.parseExprOp (/Users/abhishekgiri/Desktop/laytime-intelligence1/frontend/node_modules/@babel/parser/lib/index.js:10947:27)
      at JSXParserMixin.parseExprOp (/Users/abhishekgiri/Desktop/laytime-intelligence1/frontend/node_modules/@babel/parser/lib/index.js:10953:21)
      at JSXParserMixin.parseExprOp (/Users/abhishekgiri/Desktop/laytime-intelligence1/frontend/node_modules/@babel/parser/lib/index.js:10953:21)
      at JSXParserMixin.parseExprOps (/Users/abhishekgiri/Desktop/laytime-intelligence1/frontend/node_modules/@babel/parser/lib/index.js:10908:17)
      at JSXParserMixin.parseMaybeConditional (/Users/abhishekgiri/Desktop/laytime-intelligence1/frontend/node_modules/@babel/parser/lib/index.js:10881:23)
      at JSXParserMixin.parseMaybeAssign (/Users/abhishekgiri/Desktop/laytime-intelligence1/frontend/node_modules/@babel/parser/lib/index.js:10831:21)
      at JSXParserMixin.parseExpressionBase (/Users/abhishekgiri/Desktop/laytime-intelligence1/frontend/node_modules/@babel/parser/lib/index.js:10784:23)
      at /Users/abhishekgiri/Desktop/laytime-intelligence1/frontend/node_modules/@babel/parser/lib/index.js:10780:39
      at JSXParserMixin.allowInAnd (/Users/abhishekgiri/Desktop/laytime-intelligence1/frontend/node_modules/@babel/parser/lib/index.js:12432:12)
      at JSXParserMixin.parseExpression (/Users/abhishekgiri/Desktop/laytime-intelligence1/frontend/node_modules/@babel/parser/lib/index.js:10780:17)
      at JSXParserMixin.jsxParseExpressionContainer (/Users/abhishekgiri/Desktop/laytime-intelligence1/frontend/node_modules/@babel/parser/lib/index.js:4665:31)
      at JSXParserMixin.jsxParseElementAt (/Users/abhishekgiri/Desktop/laytime-intelligence1/frontend/node_modules/@babel/parser/lib/index.js:4744:36)
      at JSXParserMixin.jsxParseElementAt (/Users/abhishekgiri/Desktop/laytime-intelligence1/frontend/node_modules/@babel/parser/lib/index.js:4731:32)
      at JSXParserMixin.jsxParseElementAt (/Users/abhishekgiri/Desktop/laytime-intelligence1/frontend/node_modules/@babel/parser/lib/index.js:4731:32)
      at JSXParserMixin.jsxParseElement (/Users/abhishekgiri/Desktop/laytime-intelligence1/frontend/node_modules/@babel/parser/lib/index.js:4782:17)
      at JSXParserMixin.parseExprAtom (/Users/abhishekgiri/Desktop/laytime-intelligence1/frontend/node_modules/@babel/parser/lib/index.js:4792:19)
      at JSXParserMixin.parseExprSubscripts (/Users/abhishekgiri/Desktop/laytime-intelligence1/frontend/node_modules/@babel/parser/lib/index.js:11081:23)
      at JSXParserMixin.parseUpdate (/Users/abhishekgiri/Desktop/laytime-intelligence1/frontend/node_modules/@babel/parser/lib/index.js:11066:21)
      at JSXParserMixin.parseMaybeUnary (/Users/abhishekgiri/Desktop/laytime-intelligence1/frontend/node_modules/@babel/parser/lib/index.js:11046:23)
      at JSXParserMixin.parseMaybeUnaryOrPrivate (/Users/abhishekgiri/Desktop/laytime-intelligence1/frontend/node_modules/@babel/parser/lib/index.js:10899:61)
      at JSXParserMixin.parseExprOps (/Users/abhishekgiri/Desktop/laytime-intelligence1/frontend/node_modules/@babel/parser/lib/index.js:10904:23)
      at JSXParserMixin.parseMaybeConditional (/Users/abhishekgiri/Desktop/laytime-intelligence1/frontend/node_modules/@babel/parser/lib/index.js:10881:23)
      at JSXParserMixin.parseMaybeAssign (/Users/abhishekgiri/Desktop/laytime-intelligence1/frontend/node_modules/@babel/parser/lib/index.js:10831:21)
      at /Users/abhishekgiri/Desktop/laytime-intelligence1/frontend/node_modules/@babel/parser/lib/index.js:10800:39
      at JSXParserMixin.allowInAnd (/Users/abhishekgiri/Desktop/laytime-intelligence1/frontend/node_modules/@babel/parser/lib/index.js:12432:12)
3:19:23 PM [vite] (client) hmr update /src/pages/LayspanDashboard.jsx, /src/index.css
3:22:03 PM [vite] (client) hmr update /src/pages/LayspanDashboard.jsx, /src/index.css
3:26:49 PM [vite] (client) hmr update /src/components/AIChatbot.jsx, /src/index.css
3:28:03 PM [vite] (client) hmr update /src/components/AIChatbot.jsx, /src/index.css
3:28:10 PM [vite] (client) hmr update /src/components/AIChatbot.jsx, /src/index.css
3:29:58 PM [vite] (client) hmr update /src/index.css
3:31:12 PM [vite] (client) hmr update /src/pages/LayspanDashboard.jsx, /src/index.css
